# JRE version: OpenJDK Runtime Environment (8.0_242-b08) (build 1.8.0_242-b08)
# Java VM: OpenJDK 64-Bit Server VM (25.242-b08 mixed mode windows-amd64 compressed oops)
Heap:
 PSYoungGen      total 151552K, used 26526K [0x0000000775980000, 0x0000000781980000, 0x00000007c0000000)
  eden space 137728K, 19% used [0x0000000775980000,0x0000000777367a40,0x000000077e000000)
  from space 13824K, 0% used [0x000000077ef00000,0x000000077ef00000,0x000000077fc80000)
  to   space 15360K, 0% used [0x000000077e000000,0x000000077e000000,0x000000077ef00000)
 ParOldGen       total 145408K, used 16761K [0x00000006e0c00000, 0x00000006e9a00000, 0x0000000775980000)
  object space 145408K, 11% used [0x00000006e0c00000,0x00000006e1c5e578,0x00000006e9a00000)
 Metaspace       used 36048K, capacity 38044K, committed 38184K, reserved 1083392K
  class space    used 4505K, capacity 4880K, committed 4904K, reserved 1048576K
GC Heap History (10 events):
Event: 2.377 GC heap before
{Heap before GC invocations=4 (full 1):
 PSYoungGen      total 67072K, used 7639K [0x0000000775980000, 0x000000077dc80000, 0x00000007c0000000)
  eden space 57856K, 0% used [0x0000000775980000,0x0000000775980000,0x0000000779200000)
  from space 9216K, 82% used [0x0000000779200000,0x0000000779975ef8,0x0000000779b00000)
  to   space 9216K, 0% used [0x000000077d380000,0x000000077d380000,0x000000077dc80000)
 ParOldGen       total 153088K, used 1330K [0x00000006e0c00000, 0x00000006ea180000, 0x0000000775980000)
  object space 153088K, 0% used [0x00000006e0c00000,0x00000006e0d4cbc8,0x00000006ea180000)
 Metaspace       used 20328K, capacity 21200K, committed 21296K, reserved 1069056K
  class space    used 2479K, capacity 2676K, committed 2688K, reserved 1048576K
Event: 2.398 GC heap after
Heap after GC invocations=4 (full 1):
 PSYoungGen      total 67072K, used 0K [0x0000000775980000, 0x000000077dc80000, 0x00000007c0000000)
  eden space 57856K, 0% used [0x0000000775980000,0x0000000775980000,0x0000000779200000)
  from space 9216K, 0% used [0x0000000779200000,0x0000000779200000,0x0000000779b00000)
  to   space 9216K, 0% used [0x000000077d380000,0x000000077d380000,0x000000077dc80000)
 ParOldGen       total 92160K, used 7465K [0x00000006e0c00000, 0x00000006e6600000, 0x0000000775980000)
  object space 92160K, 8% used [0x00000006e0c00000,0x00000006e134a610,0x00000006e6600000)
 Metaspace       used 20328K, capacity 21200K, committed 21296K, reserved 1069056K
  class space    used 2479K, capacity 2676K, committed 2688K, reserved 1048576K
}
Event: 2.579 GC heap before
{Heap before GC invocations=5 (full 1):
 PSYoungGen      total 67072K, used 57856K [0x0000000775980000, 0x000000077dc80000, 0x00000007c0000000)
  eden space 57856K, 100% used [0x0000000775980000,0x0000000779200000,0x0000000779200000)
  from space 9216K, 0% used [0x0000000779200000,0x0000000779200000,0x0000000779b00000)
  to   space 9216K, 0% used [0x000000077d380000,0x000000077d380000,0x000000077dc80000)
 ParOldGen       total 92160K, used 7465K [0x00000006e0c00000, 0x00000006e6600000, 0x0000000775980000)
  object space 92160K, 8% used [0x00000006e0c00000,0x00000006e134a610,0x00000006e6600000)
 Metaspace       used 21089K, capacity 22050K, committed 22192K, reserved 1069056K
  class space    used 2559K, capacity 2779K, committed 2816K, reserved 1048576K
Event: 2.581 GC heap after
Heap after GC invocations=5 (full 1):
 PSYoungGen      total 93184K, used 2584K [0x0000000775980000, 0x000000077d680000, 0x00000007c0000000)
  eden space 90112K, 0% used [0x0000000775980000,0x0000000775980000,0x000000077b180000)
  from space 3072K, 84% used [0x000000077d380000,0x000000077d6063f8,0x000000077d680000)
  to   space 9216K, 0% used [0x000000077c480000,0x000000077c480000,0x000000077cd80000)
 ParOldGen       total 92160K, used 7473K [0x00000006e0c00000, 0x00000006e6600000, 0x0000000775980000)
  object space 92160K, 8% used [0x00000006e0c00000,0x00000006e134c610,0x00000006e6600000)
 Metaspace       used 21089K, capacity 22050K, committed 22192K, reserved 1069056K
  class space    used 2559K, capacity 2779K, committed 2816K, reserved 1048576K
}
Event: 3.667 GC heap before
{Heap before GC invocations=6 (full 1):
 PSYoungGen      total 93184K, used 92696K [0x0000000775980000, 0x000000077d680000, 0x00000007c0000000)
  eden space 90112K, 100% used [0x0000000775980000,0x000000077b180000,0x000000077b180000)
  from space 3072K, 84% used [0x000000077d380000,0x000000077d6063f8,0x000000077d680000)
  to   space 9216K, 0% used [0x000000077c480000,0x000000077c480000,0x000000077cd80000)
 ParOldGen       total 92160K, used 7473K [0x00000006e0c00000, 0x00000006e6600000, 0x0000000775980000)
  object space 92160K, 8% used [0x00000006e0c00000,0x00000006e134c610,0x00000006e6600000)
 Metaspace       used 26621K, capacity 28064K, committed 28288K, reserved 1073152K
  class space    used 3334K, capacity 3624K, committed 3712K, reserved 1048576K
Event: 3.677 GC heap after
Heap after GC invocations=6 (full 1):
 PSYoungGen      total 118784K, used 9191K [0x0000000775980000, 0x000000077fc80000, 0x00000007c0000000)
  eden space 109568K, 0% used [0x0000000775980000,0x0000000775980000,0x000000077c480000)
  from space 9216K, 99% used [0x000000077c480000,0x000000077cd79ee8,0x000000077cd80000)
  to   space 13824K, 0% used [0x000000077ef00000,0x000000077ef00000,0x000000077fc80000)
 ParOldGen       total 92160K, used 8838K [0x00000006e0c00000, 0x00000006e6600000, 0x0000000775980000)
  object space 92160K, 9% used [0x00000006e0c00000,0x00000006e14a1a18,0x00000006e6600000)
 Metaspace       used 26621K, capacity 28064K, committed 28288K, reserved 1073152K
  class space    used 3334K, capacity 3624K, committed 3712K, reserved 1048576K
}
Event: 5.654 GC heap before
{Heap before GC invocations=7 (full 1):
 PSYoungGen      total 118784K, used 115301K [0x0000000775980000, 0x000000077fc80000, 0x00000007c0000000)
  eden space 109568K, 96% used [0x0000000775980000,0x000000077c11f6b8,0x000000077c480000)
  from space 9216K, 99% used [0x000000077c480000,0x000000077cd79ee8,0x000000077cd80000)
  to   space 13824K, 0% used [0x000000077ef00000,0x000000077ef00000,0x000000077fc80000)
 ParOldGen       total 92160K, used 8838K [0x00000006e0c00000, 0x00000006e6600000, 0x0000000775980000)
  object space 92160K, 9% used [0x00000006e0c00000,0x00000006e14a1a18,0x00000006e6600000)
 Metaspace       used 33428K, capacity 35438K, committed 35496K, reserved 1081344K
  class space    used 4160K, capacity 4507K, committed 4520K, reserved 1048576K
Event: 5.665 GC heap after
Heap after GC invocations=7 (full 1):
 PSYoungGen      total 151552K, used 12323K [0x0000000775980000, 0x0000000781980000, 0x00000007c0000000)
  eden space 137728K, 0% used [0x0000000775980000,0x0000000775980000,0x000000077e000000)
  from space 13824K, 89% used [0x000000077ef00000,0x000000077fb08cd0,0x000000077fc80000)
  to   space 15360K, 0% used [0x000000077e000000,0x000000077e000000,0x000000077ef00000)
 ParOldGen       total 92160K, used 8846K [0x00000006e0c00000, 0x00000006e6600000, 0x0000000775980000)
  object space 92160K, 9% used [0x00000006e0c00000,0x00000006e14a3a18,0x00000006e6600000)
 Metaspace       used 33428K, capacity 35438K, committed 35496K, reserved 1081344K
  class space    used 4160K, capacity 4507K, committed 4520K, reserved 1048576K
}
Event: 5.665 GC heap before
{Heap before GC invocations=8 (full 2):
 PSYoungGen      total 151552K, used 12323K [0x0000000775980000, 0x0000000781980000, 0x00000007c0000000)
  eden space 137728K, 0% used [0x0000000775980000,0x0000000775980000,0x000000077e000000)
  from space 13824K, 89% used [0x000000077ef00000,0x000000077fb08cd0,0x000000077fc80000)
  to   space 15360K, 0% used [0x000000077e000000,0x000000077e000000,0x000000077ef00000)
 ParOldGen       total 92160K, used 8846K [0x00000006e0c00000, 0x00000006e6600000, 0x0000000775980000)
  object space 92160K, 9% used [0x00000006e0c00000,0x00000006e14a3a18,0x00000006e6600000)
 Metaspace       used 33428K, capacity 35438K, committed 35496K, reserved 1081344K
  class space    used 4160K, capacity 4507K, committed 4520K, reserved 1048576K
Event: 5.704 GC heap after
Heap after GC invocations=8 (full 2):
 PSYoungGen      total 151552K, used 0K [0x0000000775980000, 0x0000000781980000, 0x00000007c0000000)
  eden space 137728K, 0% used [0x0000000775980000,0x0000000775980000,0x000000077e000000)
  from space 13824K, 0% used [0x000000077ef00000,0x000000077ef00000,0x000000077fc80000)
  to   space 15360K, 0% used [0x000000077e000000,0x000000077e000000,0x000000077ef00000)
 ParOldGen       total 145408K, used 16761K [0x00000006e0c00000, 0x00000006e9a00000, 0x0000000775980000)
  object space 145408K, 11% used [0x00000006e0c00000,0x00000006e1c5e578,0x00000006e9a00000)
 Metaspace       used 33428K, capacity 35438K, committed 35496K, reserved 1081344K
  class space    used 4160K, capacity 4507K, committed 4520K, reserved 1048576K
}

